<?xml version='1.0'?>
<ns2:test-suite xmlns:ns2='urn:model.allure.qatools.yandex.ru' start='1668104980285' stop='1668104981957'>
    <name>Status codes page: User can check status code page 200</name>
    <title>Status codes page: User can check status code page 200</title>
    <test-cases>
        <test-case start='1668104980285' status='passed' stop='1668104980287'>
            <name></name>
            <title></title>
            <labels>
                <label name='language' value='javascript'/>
                <label name='framework' value='wdio'/>
                <label name='thread' value='0-0'/>
            </labels>
            <parameters>
                <parameter kind='argument' name='browser' value='chrome-107.0.5304.106'/>
            </parameters>
            <steps/>
            <attachments/>
        </test-case>
        <test-case start='1668104980287' status='passed' stop='1668104981953'>
            <name>Given I am on the "status_codes" page</name>
            <title>Given I am on the "status_codes" page</title>
            <labels>
                <label name='language' value='javascript'/>
                <label name='framework' value='wdio'/>
                <label name='thread' value='0-0'/>
            </labels>
            <parameters>
                <parameter kind='argument' name='browser' value='chrome-107.0.5304.106'/>
            </parameters>
            <steps>
                <step start='1668104980289' status='passed' stop='1668104981953'>
                    <name>POST /session/:sessionId/url</name>
                    <title>POST /session/:sessionId/url</title>
                    <attachments>
                        <attachment title='Request' source='19d6223a-3b7e-4ce5-9f45-419e2e891ac6-attachment.json' type='application/json' size='62'/>
                    </attachments>
                    <steps/>
                </step>
            </steps>
            <attachments/>
        </test-case>
        <test-case start='1668104981953' status='broken' stop='1668104981955'>
            <name>When I click on the Status code 200</name>
            <title>When I click on the Status code 200</title>
            <labels>
                <label name='language' value='javascript'/>
                <label name='framework' value='wdio'/>
                <label name='thread' value='0-0'/>
            </labels>
            <parameters>
                <parameter kind='argument' name='browser' value='chrome-107.0.5304.106'/>
            </parameters>
            <steps/>
            <attachments/>
            <failure>
                <message>function has 2 arguments, should have 0 (if synchronous or returning a promise) or 1 (if accepting a callback)</message>
                <stack-trace>function has 2 arguments, should have 0 (if synchronous or returning a promise) or 1 (if accepting a callback)</stack-trace>
            </failure>
        </test-case>
        <test-case start='1668104981955' status='broken' stop='1668104981955'>
            <name>Then I see the status code text with 200</name>
            <title>Then I see the status code text with 200</title>
            <labels>
                <label name='language' value='javascript'/>
                <label name='framework' value='wdio'/>
                <label name='thread' value='0-0'/>
            </labels>
            <parameters>
                <parameter kind='argument' name='browser' value='chrome-107.0.5304.106'/>
            </parameters>
            <steps/>
            <attachments/>
            <failure>
                <message>Step "I see the status code text with 200" is not defined. You can ignore this error by setting cucumberOpts.ignoreUndefinedDefinitions as true.</message>
                <stack-trace>Step "I see the status code text with 200" is not defined. You can ignore this error by setting cucumberOpts.ignoreUndefinedDefinitions as true.
                	at Feature(C:\Users\Diqqq\Desktop\Bootcamp\Lesson5-cucumber\my-first-cucumber-project\features\status_codes.feature):1:1
                	at Scenario(User can check status code page 200):5:5
                	at Step(I see the status code text with 200):8:5
                </stack-trace>
            </failure>
        </test-case>
        <test-case start='1668104981956' status='passed' stop='1668104981956'>
            <name></name>
            <title></title>
            <labels>
                <label name='language' value='javascript'/>
                <label name='framework' value='wdio'/>
                <label name='thread' value='0-0'/>
            </labels>
            <parameters>
                <parameter kind='argument' name='browser' value='chrome-107.0.5304.106'/>
            </parameters>
            <steps/>
            <attachments/>
        </test-case>
    </test-cases>
</ns2:test-suite>