<?xml version='1.0'?>
<ns2:test-suite xmlns:ns2='urn:model.allure.qatools.yandex.ru' start='1670019196983' stop='1670019198809'>
    <name>Bootcamp E2E: Internet shop logo button</name>
    <title>Bootcamp E2E: Internet shop logo button</title>
    <test-cases>
        <test-case start='1670019196984' status='passed' stop='1670019196985'>
            <name></name>
            <title></title>
            <labels>
                <label name='language' value='javascript'/>
                <label name='framework' value='wdio'/>
                <label name='thread' value='0-0'/>
            </labels>
            <parameters>
                <parameter kind='argument' name='browser' value='chrome-108.0.5359.71'/>
            </parameters>
            <steps/>
            <attachments/>
        </test-case>
        <test-case start='1670019196985' status='broken' stop='1670019198804'>
            <name>Given I am on the main page</name>
            <title>Given I am on the main page</title>
            <labels>
                <label name='language' value='javascript'/>
                <label name='framework' value='wdio'/>
                <label name='thread' value='0-0'/>
            </labels>
            <parameters>
                <parameter kind='argument' name='browser' value='chrome-108.0.5359.71'/>
            </parameters>
            <steps>
                <step start='1670019196987' status='broken' stop='1670019198804'>
                    <name>POST /session/:sessionId/url</name>
                    <title>POST /session/:sessionId/url</title>
                    <attachments>
                        <attachment title='Request' source='d19b2b67-ed3e-49c3-87d7-d25deed32796-attachment.json' type='application/json' size='38'/>
                    </attachments>
                    <steps/>
                </step>
            </steps>
            <attachments/>
            <failure>
                <message>RequestError: read ECONNRESET</message>
                <stack-trace>RequestError: read ECONNRESET
                    at ClientRequest.&lt;anonymous> (C:\Users\Diqqq\Desktop\Bootcamp\Lesson5-cucumber\my-first-cucumber-project\node_modules\got\dist\source\core\index.js:970:111)
                    at Object.onceWrapper (node:events:642:26)
                    at ClientRequest.emit (node:events:539:35)
                    at ClientRequest.emit (node:domain:475:12)
                    at origin.emit (C:\Users\Diqqq\Desktop\Bootcamp\Lesson5-cucumber\my-first-cucumber-project\node_modules\@szmarczak\http-timer\dist\source\index.js:43:20)
                    at Socket.socketErrorListener (node:_http_client:462:9)
                    at Socket.emit (node:events:527:28)
                    at Socket.emit (node:domain:475:12)
                    at emitErrorNT (node:internal/streams/destroy:151:8)
                    at emitErrorCloseNT (node:internal/streams/destroy:116:3)
                    at TCP.onStreamRead (node:internal/stream_base_commons:217:20)</stack-trace>
            </failure>
        </test-case>
        <test-case start='1670019198804' status='pending' stop='1670019198805'>
            <name>When I click on the Today's Best Deals Tab</name>
            <title>When I click on the Today's Best Deals Tab</title>
            <labels>
                <label name='language' value='javascript'/>
                <label name='framework' value='wdio'/>
                <label name='thread' value='0-0'/>
            </labels>
            <parameters>
                <parameter kind='argument' name='browser' value='chrome-108.0.5359.71'/>
            </parameters>
            <steps/>
            <attachments/>
        </test-case>
        <test-case start='1670019198805' status='broken' stop='1670019198806'>
            <name>* I click on the Internet shop logo</name>
            <title>* I click on the Internet shop logo</title>
            <labels>
                <label name='language' value='javascript'/>
                <label name='framework' value='wdio'/>
                <label name='thread' value='0-0'/>
            </labels>
            <parameters>
                <parameter kind='argument' name='browser' value='chrome-108.0.5359.71'/>
            </parameters>
            <steps/>
            <attachments/>
            <failure>
                <message>Step "I click on the Internet shop logo" is not defined. You can ignore this error by setting cucumberOpts.ignoreUndefinedDefinitions as true.</message>
                <stack-trace>Step "I click on the Internet shop logo" is not defined. You can ignore this error by setting cucumberOpts.ignoreUndefinedDefinitions as true.
                	at Feature(C:\Users\Diqqq\Desktop\Bootcamp\Lesson5-cucumber\my-first-cucumber-project\features\bootcamp.feature):1:1
                	at Scenario(Internet shop logo button):10:1
                	at Step(I click on the Internet shop logo):12:1
                </stack-trace>
            </failure>
        </test-case>
        <test-case start='1670019198806' status='broken' stop='1670019198807'>
            <name>Then I should see</name>
            <title>Then I should see</title>
            <labels>
                <label name='language' value='javascript'/>
                <label name='framework' value='wdio'/>
                <label name='thread' value='0-0'/>
            </labels>
            <parameters>
                <parameter kind='argument' name='browser' value='chrome-108.0.5359.71'/>
            </parameters>
            <steps/>
            <attachments/>
            <failure>
                <message>Step "I should see" is not defined. You can ignore this error by setting cucumberOpts.ignoreUndefinedDefinitions as true.</message>
                <stack-trace>Step "I should see" is not defined. You can ignore this error by setting cucumberOpts.ignoreUndefinedDefinitions as true.
                	at Feature(C:\Users\Diqqq\Desktop\Bootcamp\Lesson5-cucumber\my-first-cucumber-project\features\bootcamp.feature):1:1
                	at Scenario(Internet shop logo button):10:1
                	at Step(I should see):13:1
                </stack-trace>
            </failure>
        </test-case>
        <test-case start='1670019198807' status='passed' stop='1670019198808'>
            <name></name>
            <title></title>
            <labels>
                <label name='language' value='javascript'/>
                <label name='framework' value='wdio'/>
                <label name='thread' value='0-0'/>
            </labels>
            <parameters>
                <parameter kind='argument' name='browser' value='chrome-108.0.5359.71'/>
            </parameters>
            <steps/>
            <attachments/>
        </test-case>
    </test-cases>
</ns2:test-suite>