<?xml version='1.0'?>
<ns2:test-suite xmlns:ns2='urn:model.allure.qatools.yandex.ru' start='1668102415750' stop='1668102415754'>
    <name>The Internet Guinea Pig Website: As a user, I can log into the secure area</name>
    <title>The Internet Guinea Pig Website: As a user, I can log into the secure area</title>
    <test-cases>
        <test-case start='1668102415751' status='passed' stop='1668102415752'>
            <name></name>
            <title></title>
            <labels>
                <label name='language' value='javascript'/>
                <label name='framework' value='wdio'/>
                <label name='thread' value='0-0'/>
            </labels>
            <parameters>
                <parameter kind='argument' name='browser' value='chrome-107.0.5304.106'/>
            </parameters>
            <steps/>
            <attachments/>
        </test-case>
        <test-case start='1668102415752' status='broken' stop='1668102415753'>
            <name>Given I am on the login page</name>
            <title>Given I am on the login page</title>
            <labels>
                <label name='language' value='javascript'/>
                <label name='framework' value='wdio'/>
                <label name='thread' value='0-0'/>
            </labels>
            <parameters>
                <parameter kind='argument' name='browser' value='chrome-107.0.5304.106'/>
            </parameters>
            <steps/>
            <attachments/>
            <failure>
                <message>Step "I am on the login page" is not defined. You can ignore this error by setting cucumberOpts.ignoreUndefinedDefinitions as true.</message>
                <stack-trace>Step "I am on the login page" is not defined. You can ignore this error by setting cucumberOpts.ignoreUndefinedDefinitions as true.
                	at Feature(C:\Users\Diqqq\Desktop\Bootcamp\Lesson5-cucumber\my-first-cucumber-project\features\login.feature):1:1
                	at Scenario(As a user, I can log into the secure area):3:3
                	at Step(I am on the login page):5:5
                </stack-trace>
            </failure>
        </test-case>
        <test-case start='1668102415753' status='pending' stop='1668102415753'>
            <name>When I login with tomsmith and SuperSecretPassword!</name>
            <title>When I login with tomsmith and SuperSecretPassword!</title>
            <labels>
                <label name='language' value='javascript'/>
                <label name='framework' value='wdio'/>
                <label name='thread' value='0-0'/>
            </labels>
            <parameters>
                <parameter kind='argument' name='browser' value='chrome-107.0.5304.106'/>
            </parameters>
            <steps/>
            <attachments/>
        </test-case>
        <test-case start='1668102415753' status='broken' stop='1668102415753'>
            <name>Then I should see a flash message saying &lt;message></name>
            <title>Then I should see a flash message saying &lt;message></title>
            <labels>
                <label name='language' value='javascript'/>
                <label name='framework' value='wdio'/>
                <label name='thread' value='0-0'/>
            </labels>
            <parameters>
                <parameter kind='argument' name='browser' value='chrome-107.0.5304.106'/>
            </parameters>
            <steps/>
            <attachments/>
            <failure>
                <message>Step "I should see a flash message saying &lt;message>" is not defined. You can ignore this error by setting cucumberOpts.ignoreUndefinedDefinitions as true.</message>
                <stack-trace>Step "I should see a flash message saying &lt;message>" is not defined. You can ignore this error by setting cucumberOpts.ignoreUndefinedDefinitions as true.
                	at Feature(C:\Users\Diqqq\Desktop\Bootcamp\Lesson5-cucumber\my-first-cucumber-project\features\login.feature):1:1
                	at Scenario(As a user, I can log into the secure area):3:3
                	at Step(I should see a flash message saying &lt;message>):7:5
                </stack-trace>
            </failure>
        </test-case>
        <test-case start='1668102415753' status='passed' stop='1668102415754'>
            <name></name>
            <title></title>
            <labels>
                <label name='language' value='javascript'/>
                <label name='framework' value='wdio'/>
                <label name='thread' value='0-0'/>
            </labels>
            <parameters>
                <parameter kind='argument' name='browser' value='chrome-107.0.5304.106'/>
            </parameters>
            <steps/>
            <attachments/>
        </test-case>
    </test-cases>
</ns2:test-suite>