<?xml version='1.0'?>
<ns2:test-suite xmlns:ns2='urn:model.allure.qatools.yandex.ru' start='1670019211502' stop='1670019220527'>
    <name>Bootcamp E2E: Internet shop logo button</name>
    <title>Bootcamp E2E: Internet shop logo button</title>
    <test-cases>
        <test-case start='1670019211502' status='passed' stop='1670019211503'>
            <name></name>
            <title></title>
            <labels>
                <label name='language' value='javascript'/>
                <label name='framework' value='wdio'/>
                <label name='thread' value='0-0'/>
            </labels>
            <parameters>
                <parameter kind='argument' name='browser' value='chrome-108.0.5359.71'/>
            </parameters>
            <steps/>
            <attachments/>
        </test-case>
        <test-case start='1670019211504' status='passed' stop='1670019218723'>
            <name>Given I am on the main page</name>
            <title>Given I am on the main page</title>
            <labels>
                <label name='language' value='javascript'/>
                <label name='framework' value='wdio'/>
                <label name='thread' value='0-0'/>
            </labels>
            <parameters>
                <parameter kind='argument' name='browser' value='chrome-108.0.5359.71'/>
            </parameters>
            <steps>
                <step start='1670019211505' status='passed' stop='1670019216894'>
                    <name>POST /session/:sessionId/url</name>
                    <title>POST /session/:sessionId/url</title>
                    <attachments>
                        <attachment title='Request' source='0fe6a285-fd70-4f2e-b108-072e700fdbf4-attachment.json' type='application/json' size='38'/>
                    </attachments>
                    <steps/>
                </step>
                <step start='1670019216894' status='passed' stop='1670019218695'>
                    <name>POST /session/:sessionId/refresh</name>
                    <title>POST /session/:sessionId/refresh</title>
                    <attachments/>
                    <steps/>
                </step>
                <step start='1670019218696' status='passed' stop='1670019218721'>
                    <name>GET /session/:sessionId/url</name>
                    <title>GET /session/:sessionId/url</title>
                    <attachments>
                        <attachment title='Response' source='90b6a653-1da3-430f-839f-988ed8366dc3-attachment.json' type='application/json' size='25'/>
                    </attachments>
                    <steps/>
                </step>
            </steps>
            <attachments/>
        </test-case>
        <test-case start='1670019218723' status='broken' stop='1670019220525'>
            <name>When I click on the Today's Best Deals Tab</name>
            <title>When I click on the Today's Best Deals Tab</title>
            <labels>
                <label name='language' value='javascript'/>
                <label name='framework' value='wdio'/>
                <label name='thread' value='0-0'/>
            </labels>
            <parameters>
                <parameter kind='argument' name='browser' value='chrome-108.0.5359.71'/>
            </parameters>
            <steps>
                <step start='1670019218725' status='passed' stop='1670019218736'>
                    <name>POST /session/:sessionId/element</name>
                    <title>POST /session/:sessionId/element</title>
                    <attachments>
                        <attachment title='Request' source='ba5fd231-659a-4064-8fb4-ff3ce80d0792-attachment.json' type='application/json' size='66'/>
                        <attachment title='Response' source='f5b0a505-bdda-41ed-ba5c-bd4770fd69fa-attachment.json' type='application/json' size='83'/>
                    </attachments>
                    <steps/>
                </step>
                <step start='1670019218740' status='passed' stop='1670019220524'>
                    <name>POST /session/:sessionId/element/27e516b8-3fbf-41ec-b721-6de53dfd9d68/click</name>
                    <title>POST /session/:sessionId/element/27e516b8-3fbf-41ec-b721-6de53dfd9d68/click</title>
                    <attachments/>
                    <steps/>
                </step>
            </steps>
            <attachments/>
            <failure>
                <message>ReferenceError: Cannot access 'bestDealText' before initialization</message>
                <stack-trace>ReferenceError: Cannot access 'bestDealText' before initialization
                    at World.&lt;anonymous> (C:\Users\Diqqq\Desktop\Bootcamp\Lesson5-cucumber\my-first-cucumber-project\features\step-definitions\steps.js:23:15)
                    at process.processTicksAndRejections (node:internal/process/task_queues:95:5)</stack-trace>
            </failure>
        </test-case>
        <test-case start='1670019220526' status='broken' stop='1670019220526'>
            <name>* I click on the Internet shop logo</name>
            <title>* I click on the Internet shop logo</title>
            <labels>
                <label name='language' value='javascript'/>
                <label name='framework' value='wdio'/>
                <label name='thread' value='0-0'/>
            </labels>
            <parameters>
                <parameter kind='argument' name='browser' value='chrome-108.0.5359.71'/>
            </parameters>
            <steps/>
            <attachments/>
            <failure>
                <message>Step "I click on the Internet shop logo" is not defined. You can ignore this error by setting cucumberOpts.ignoreUndefinedDefinitions as true.</message>
                <stack-trace>Step "I click on the Internet shop logo" is not defined. You can ignore this error by setting cucumberOpts.ignoreUndefinedDefinitions as true.
                	at Feature(C:\Users\Diqqq\Desktop\Bootcamp\Lesson5-cucumber\my-first-cucumber-project\features\bootcamp.feature):1:1
                	at Scenario(Internet shop logo button):10:1
                	at Step(I click on the Internet shop logo):12:1
                </stack-trace>
            </failure>
        </test-case>
        <test-case start='1670019220526' status='broken' stop='1670019220526'>
            <name>Then I should see</name>
            <title>Then I should see</title>
            <labels>
                <label name='language' value='javascript'/>
                <label name='framework' value='wdio'/>
                <label name='thread' value='0-0'/>
            </labels>
            <parameters>
                <parameter kind='argument' name='browser' value='chrome-108.0.5359.71'/>
            </parameters>
            <steps/>
            <attachments/>
            <failure>
                <message>Step "I should see" is not defined. You can ignore this error by setting cucumberOpts.ignoreUndefinedDefinitions as true.</message>
                <stack-trace>Step "I should see" is not defined. You can ignore this error by setting cucumberOpts.ignoreUndefinedDefinitions as true.
                	at Feature(C:\Users\Diqqq\Desktop\Bootcamp\Lesson5-cucumber\my-first-cucumber-project\features\bootcamp.feature):1:1
                	at Scenario(Internet shop logo button):10:1
                	at Step(I should see):13:1
                </stack-trace>
            </failure>
        </test-case>
        <test-case start='1670019220526' status='passed' stop='1670019220527'>
            <name></name>
            <title></title>
            <labels>
                <label name='language' value='javascript'/>
                <label name='framework' value='wdio'/>
                <label name='thread' value='0-0'/>
            </labels>
            <parameters>
                <parameter kind='argument' name='browser' value='chrome-108.0.5359.71'/>
            </parameters>
            <steps/>
            <attachments/>
        </test-case>
    </test-cases>
</ns2:test-suite>